2025-08-26 22:20:31,784 - dummy_launcher - INFO - Starting dummy SIEM launcher...
2025-08-26 22:20:32,031 - dummy_launcher - INFO - Initializing SimpleSIEM with dummy component...
2025-08-26 22:20:32,034 - siem.core - INFO - Initializing SimpleSIEM...
2025-08-26 22:20:32,048 - siem.core - INFO - Initializing component: dummy_component
2025-08-26 22:20:32,057 - siem.core - INFO - Successfully initialized component: dummy_component
2025-08-26 22:20:32,058 - dummy_launcher - INFO - Starting SimpleSIEM...
2025-08-26 22:20:32,059 - siem.core - INFO - Starting SimpleSIEM...
2025-08-26 22:20:32,059 - siem.core - DEBUG - Setting up signal handlers in main thread
2025-08-26 22:20:32,060 - dummy_launcher - ERROR - Fatal error: 'DummyComponent' object has no attribute 'get'
Traceback (most recent call last):
  File "D:\security.operations.center\launch_dummy.py", line 68, in main
    siem.start()
    ~~~~~~~~~~^^
  File "D:\security.operations.center\src\siem\core\simple_siem.py", line 303, in start
    if component.get('enabled', False) and hasattr(component, 'start'):
       ^^^^^^^^^^^^^
AttributeError: 'DummyComponent' object has no attribute 'get'
2025-08-26 22:21:12,793 - dummy_launcher - INFO - Starting dummy SIEM launcher...
2025-08-26 22:21:12,969 - dummy_launcher - INFO - Initializing SimpleSIEM with dummy component...
2025-08-26 22:21:12,972 - siem.core - INFO - Initializing SimpleSIEM...
2025-08-26 22:21:12,973 - siem.core - INFO - Initializing component: dummy_component
2025-08-26 22:21:13,109 - siem.core - INFO - Successfully initialized component: dummy_component
2025-08-26 22:21:13,113 - dummy_launcher - INFO - Starting SimpleSIEM...
2025-08-26 22:21:13,114 - siem.core - INFO - Starting SimpleSIEM...
2025-08-26 22:21:13,117 - siem.core - DEBUG - Setting up signal handlers in main thread
2025-08-26 22:21:13,118 - siem.core - INFO - SimpleSIEM started successfully
2025-08-26 22:21:29,318 - siem.core - INFO - Received signal 2, shutting down...
2025-08-26 22:21:29,321 - siem.core - INFO - Stopping SimpleSIEM...
2025-08-26 22:21:29,323 - siem.core - INFO - Stopping component: dummy_component
2025-08-26 22:21:29,324 - siem.core - INFO - SimpleSIEM stopped
2025-08-26 22:23:20,085 - dummy_launcher - INFO - Starting dummy SIEM launcher...
2025-08-26 22:23:20,294 - dummy_launcher - INFO - Initializing SimpleSIEM with dummy component...
2025-08-26 22:23:20,298 - siem.core - INFO - Initializing SimpleSIEM...
2025-08-26 22:23:20,301 - siem.core - INFO - Initializing component: dummy_component
2025-08-26 22:23:20,321 - siem.components.dummy.factory - INFO - Creating new DummyComponent instance
2025-08-26 22:23:20,324 - siem.components.dummy - INFO - Initializing DummyComponent...
2025-08-26 22:23:20,326 - siem.components.dummy - INFO - DummyComponent initialized with config: {'interval': 2}
2025-08-26 22:23:20,328 - siem.components.dummy - INFO - Component will log every 2 seconds
2025-08-26 22:23:20,329 - siem.core - INFO - Successfully initialized component: dummy_component
2025-08-26 22:23:20,331 - dummy_launcher - INFO - Starting SimpleSIEM...
2025-08-26 22:23:20,333 - siem.core - INFO - Starting SimpleSIEM...
2025-08-26 22:23:20,335 - siem.core - DEBUG - Setting up signal handlers in main thread
2025-08-26 22:23:20,335 - siem.components.dummy - DEBUG - Getting config key 'enabled': False
2025-08-26 22:23:20,335 - siem.core - INFO - SimpleSIEM started successfully
2025-08-26 22:23:26,408 - siem.core - INFO - Received signal 2, shutting down...
2025-08-26 22:23:26,412 - siem.core - INFO - Stopping SimpleSIEM...
2025-08-26 22:23:26,414 - siem.core - INFO - Stopping component: dummy_component
2025-08-26 22:23:26,415 - siem.components.dummy - INFO - Stopping DummyComponent...
2025-08-26 22:23:26,416 - siem.components.dummy - INFO - Dummy component is not running
2025-08-26 22:23:26,417 - siem.core - INFO - SimpleSIEM stopped
