2025-08-25 12:19:04,194 - fix_siem - INFO - ==================================================
2025-08-25 12:19:04,199 - fix_siem - INFO - SIEM Component Diagnostic Tool
2025-08-25 12:19:04,201 - fix_siem - INFO - ==================================================
2025-08-25 12:19:04,203 - fix_siem - INFO - 
[1/2] Checking SIEM module...
2025-08-25 12:19:04,206 - fix_siem - INFO - Attempting to import SIEM module...
2025-08-25 12:19:05,811 - fix_siem - INFO - 
[2/2] Checking SIEM launcher...
2025-08-25 12:19:05,813 - fix_siem - INFO - 
Checking SIEM launcher...
2025-08-25 12:19:05,820 - fix_siem - INFO - Initializing SIEM launcher...
2025-08-25 12:19:05,827 - soc.siemlauncher - ERROR - Failed to initialize SIEM component: No module named 'src.compliance'
Traceback (most recent call last):
  File "D:\security.operations.center\src\siem\launcher.py", line 34, in initialize
    from src.siem.core.siem import SIEM
  File "D:\security.operations.center\src\siem\core\siem.py", line 28, in <module>
    from src.compliance.manager import ComplianceManager
ModuleNotFoundError: No module named 'src.compliance'
2025-08-25 12:19:05,850 - fix_siem - INFO - 
==================================================
2025-08-25 12:19:05,852 - fix_siem - INFO - DIAGNOSTIC SUMMARY
2025-08-25 12:19:05,854 - fix_siem - INFO - ==================================================
2025-08-25 12:19:05,883 - fix_siem - INFO - 
RECOMMENDED ACTIONS:
2025-08-25 12:19:05,884 - fix_siem - INFO - 1. Check the SIEM module implementation at 'src/siem/core/siem.py'
2025-08-25 12:19:05,885 - fix_siem - INFO - 2. Verify that all required dependencies are installed
2025-08-25 12:19:05,886 - fix_siem - INFO - 3. Review the SIEM launcher at 'src/siem/launcher.py'
2025-08-25 12:19:05,888 - fix_siem - INFO - 4. Check the configuration in 'config/siem_config.yaml'
