2025-08-26 23:33:38,327 - service_launcher - INFO - Starting SIEM service...
2025-08-26 23:33:38,367 - service_launcher - INFO - SIEM service started with PID 35304
2025-08-26 23:33:38,370 - service_launcher - INFO - Waiting for SIEM to initialize...
2025-08-26 23:33:43,371 - service_launcher - INFO - Starting EDR service...
2025-08-26 23:33:43,418 - service_launcher - INFO - EDR service started with PID 22652
2025-08-26 23:33:43,422 - service_launcher - INFO - Services are running. Press Ctrl+C to stop.
2025-08-26 23:33:43,423 - service_launcher - ERROR - SIEM service has stopped
2025-08-26 23:33:43,425 - service_launcher - INFO - Stopping EDR service...
2025-08-26 23:33:43,439 - service_launcher - INFO - All services have been stopped
2025-08-26 23:34:26,377 - service_launcher - INFO - Starting SIEM service...
2025-08-26 23:34:26,901 - service_launcher - INFO - SIEM service started with PID 12604
2025-08-26 23:34:26,902 - service_launcher - INFO - Waiting for SIEM to initialize...
2025-08-26 23:34:31,903 - service_launcher - INFO - Starting EDR service...
2025-08-26 23:34:32,078 - service_launcher - INFO - EDR service started with PID 31064
2025-08-26 23:34:32,079 - service_launcher - INFO - Services are running. Press Ctrl+C to stop.
2025-08-26 23:34:32,080 - service_launcher - ERROR - SIEM service has stopped
2025-08-26 23:34:32,081 - service_launcher - INFO - Stopping EDR service...
2025-08-26 23:34:32,094 - service_launcher - INFO - All services have been stopped
2025-08-26 23:35:06,626 - service_launcher - INFO - Starting SIEM service...
2025-08-26 23:35:06,699 - service_launcher - INFO - SIEM service started with PID 37840
2025-08-26 23:35:06,700 - service_launcher - INFO - Waiting for SIEM to initialize...
2025-08-26 23:35:11,701 - service_launcher - INFO - Starting EDR service...
2025-08-26 23:35:11,744 - service_launcher - INFO - EDR service started with PID 30824
2025-08-26 23:35:11,745 - service_launcher - INFO - Services are running. Press Ctrl+C to stop.
2025-08-26 23:35:11,746 - service_launcher - INFO - SIEM: 2025-08-26 23:35:06,881 - simple_siem - INFO - SimpleSIEM initialized
2025-08-26 23:35:11,912 - service_launcher - INFO - EDR: 2025-08-26 23:35:11,912 - siem.launcher - INFO - Starting minimal SIEM launcher...
2025-08-26 23:35:12,014 - service_launcher - INFO - SIEM: 2025-08-26 23:35:06,882 - simple_siem - INFO - Initializing SimpleSIEM...
2025-08-26 23:35:12,620 - service_launcher - INFO - EDR: 2025-08-26 23:35:12,619 - siem.launcher - INFO - Initializing SIEM...
2025-08-26 23:35:12,723 - service_launcher - ERROR - EDR service has stopped
2025-08-26 23:35:12,724 - service_launcher - INFO - Stopping SIEM service...
2025-08-26 23:35:12,737 - service_launcher - INFO - All services have been stopped
2025-08-26 23:35:53,231 - service_launcher - INFO - Starting SIEM service...
2025-08-26 23:35:53,464 - service_launcher - INFO - SIEM service started with PID 37484
2025-08-26 23:35:53,498 - service_launcher - INFO - Waiting for SIEM to initialize...
2025-08-26 23:35:58,501 - service_launcher - INFO - Starting EDR service...
2025-08-26 23:35:58,844 - service_launcher - INFO - EDR service started with PID 37852
2025-08-26 23:35:58,847 - service_launcher - INFO - Services are running. Press Ctrl+C to stop.
2025-08-26 23:35:58,854 - service_launcher - INFO - SIEM: 2025-08-26 23:35:53,642 - simple_siem - INFO - SimpleSIEM initialized
2025-08-26 23:35:59,007 - service_launcher - INFO - EDR: 2025-08-26 23:35:59,007 - simple_edr - INFO - SimpleEDR initialized
2025-08-26 23:35:59,110 - service_launcher - INFO - SIEM: 2025-08-26 23:35:53,642 - simple_siem - INFO - Initializing SimpleSIEM...
2025-08-26 23:35:59,111 - service_launcher - INFO - EDR: 2025-08-26 23:35:59,007 - simple_edr - INFO - Initializing SimpleEDR...
2025-08-26 23:35:59,215 - service_launcher - INFO - SIEM: 2025-08-26 23:35:53,642 - simple_siem - INFO - SimpleSIEM initialized successfully
2025-08-26 23:35:59,216 - service_launcher - INFO - EDR: 2025-08-26 23:35:59,008 - simple_edr - INFO - SimpleEDR initialized successfully
2025-08-26 23:35:59,317 - service_launcher - INFO - SIEM: 2025-08-26 23:35:53,643 - simple_siem - INFO - Starting SimpleSIEM...
2025-08-26 23:35:59,318 - service_launcher - INFO - EDR: 2025-08-26 23:35:59,008 - simple_edr - INFO - Starting SimpleEDR...
2025-08-26 23:35:59,419 - service_launcher - INFO - SIEM: 2025-08-26 23:35:53,646 - simple_siem - INFO - SIEM service is running...
2025-08-26 23:35:59,420 - service_launcher - INFO - EDR: 2025-08-26 23:35:59,012 - simple_edr - INFO - Detected process event: svchost.exe (PID: 9727)
2025-08-26 23:35:59,522 - service_launcher - INFO - SIEM: 2025-08-26 23:35:53,646 - simple_siem - INFO - SimpleSIEM started successfully
2025-08-26 23:35:59,523 - service_launcher - INFO - EDR: 2025-08-26 23:35:59,012 - simple_edr - INFO - SimpleEDR started successfully
2025-08-26 23:36:03,648 - service_launcher - INFO - SIEM: 2025-08-26 23:36:03,648 - simple_siem - INFO - SIEM service is running...
2025-08-26 23:36:04,013 - service_launcher - INFO - EDR: 2025-08-26 23:36:04,013 - simple_edr - INFO - Detected process event: python.exe (PID: 9736)
2025-08-26 23:36:13,649 - service_launcher - INFO - SIEM: 2025-08-26 23:36:13,649 - simple_siem - INFO - SIEM service is running...
2025-08-26 23:36:13,650 - service_launcher - INFO - EDR: 2025-08-26 23:36:09,013 - simple_edr - INFO - Detected process event: python.exe (PID: 9601)
2025-08-26 23:36:23,651 - service_launcher - INFO - SIEM: 2025-08-26 23:36:23,650 - simple_siem - INFO - SIEM service is running...
2025-08-26 23:36:23,654 - service_launcher - INFO - EDR: 2025-08-26 23:36:14,015 - simple_edr - INFO - Detected process event: svchost.exe (PID: 2348)
2025-08-26 23:36:33,652 - service_launcher - INFO - SIEM: 2025-08-26 23:36:33,652 - simple_siem - INFO - SIEM service is running...
2025-08-26 23:36:33,654 - service_launcher - INFO - EDR: 2025-08-26 23:36:24,016 - simple_edr - INFO - Detected process event: explorer.exe (PID: 2485)
2025-08-26 23:36:43,653 - service_launcher - INFO - SIEM: 2025-08-26 23:36:43,653 - simple_siem - INFO - SIEM service is running...
2025-08-26 23:36:43,655 - service_launcher - INFO - EDR: 2025-08-26 23:36:24,017 - simple_edr - INFO - Detected process event: python.exe (PID: 9134)
2025-08-26 23:36:53,654 - service_launcher - INFO - SIEM: 2025-08-26 23:36:53,654 - simple_siem - INFO - SIEM service is running...
2025-08-26 23:36:53,656 - service_launcher - INFO - EDR: 2025-08-26 23:36:39,018 - simple_edr - INFO - Detected process event: explorer.exe (PID: 6145)
2025-08-26 23:37:03,655 - service_launcher - INFO - SIEM: 2025-08-26 23:37:03,655 - simple_siem - INFO - SIEM service is running...
2025-08-26 23:37:03,656 - service_launcher - INFO - EDR: 2025-08-26 23:36:49,019 - simple_edr - INFO - Detected process event: python.exe (PID: 3943)
2025-08-26 23:37:13,664 - service_launcher - INFO - SIEM: 2025-08-26 23:37:13,663 - simple_siem - INFO - SIEM service is running...
2025-08-26 23:37:13,677 - service_launcher - INFO - EDR: 2025-08-26 23:37:04,021 - simple_edr - INFO - Detected process event: python.exe (PID: 7062)
2025-08-26 23:37:23,666 - service_launcher - INFO - SIEM: 2025-08-26 23:37:23,665 - simple_siem - INFO - SIEM service is running...
2025-08-26 23:37:23,668 - service_launcher - INFO - EDR: 2025-08-26 23:37:19,022 - simple_edr - INFO - Detected process event: explorer.exe (PID: 8053)
2025-08-26 23:37:33,666 - service_launcher - INFO - SIEM: 2025-08-26 23:37:33,666 - simple_siem - INFO - SIEM service is running...
2025-08-26 23:37:33,667 - service_launcher - INFO - EDR: 2025-08-26 23:37:29,024 - simple_edr - INFO - Detected process event: svchost.exe (PID: 6802)
2025-08-26 23:37:43,667 - service_launcher - INFO - SIEM: 2025-08-26 23:37:43,667 - simple_siem - INFO - SIEM service is running...
2025-08-26 23:37:43,669 - service_launcher - INFO - EDR: 2025-08-26 23:37:39,698 - simple_edr - INFO - Detected process event: svchost.exe (PID: 7047)
2025-08-26 23:37:46,922 - service_launcher - INFO - Shutdown signal received. Stopping services...
2025-08-26 23:37:46,923 - service_launcher - INFO - Stopping SIEM service...
2025-08-26 23:37:46,932 - service_launcher - INFO - Stopping EDR service...
2025-08-26 23:37:46,933 - service_launcher - INFO - Stopping SIEM service...
2025-08-26 23:37:46,934 - service_launcher - INFO - Stopping EDR service...
2025-08-26 23:37:46,936 - service_launcher - INFO - All services have been stopped
2025-08-26 23:38:43,736 - service_launcher - INFO - Starting SIEM service...
2025-08-26 23:38:43,845 - service_launcher - INFO - SIEM service started with PID 39428
2025-08-26 23:38:43,921 - service_launcher - INFO - Waiting for SIEM to initialize...
2025-08-26 23:38:48,942 - service_launcher - INFO - Starting EDR service...
2025-08-26 23:38:49,041 - service_launcher - INFO - EDR service started with PID 34796
2025-08-26 23:38:49,048 - service_launcher - INFO - Services are running. Press Ctrl+C to stop.
2025-08-26 23:38:49,050 - service_launcher - INFO - SIEM: 2025-08-26 23:38:45,692 - web_siem - INFO - WebSIEM initialized
2025-08-26 23:38:49,211 - service_launcher - INFO - EDR: 2025-08-26 23:38:49,211 - simple_edr - INFO - SimpleEDR initialized
2025-08-26 23:38:49,313 - service_launcher - INFO - SIEM: 2025-08-26 23:38:45,692 - web_siem - INFO - Starting WebSIEM...
2025-08-26 23:38:49,314 - service_launcher - INFO - EDR: 2025-08-26 23:38:49,211 - simple_edr - INFO - Initializing SimpleEDR...
2025-08-26 23:38:49,415 - service_launcher - INFO - SIEM: 2025-08-26 23:38:45,694 - web_siem - INFO - WebSIEM started successfully on http://0.0.0.0:5000
2025-08-26 23:38:49,419 - service_launcher - INFO - EDR: 2025-08-26 23:38:49,212 - simple_edr - INFO - SimpleEDR initialized successfully
2025-08-26 23:38:49,521 - service_launcher - INFO - SIEM: * Serving Flask app 'web_siem'
2025-08-26 23:38:49,521 - service_launcher - INFO - EDR: 2025-08-26 23:38:49,213 - simple_edr - INFO - Starting SimpleEDR...
2025-08-26 23:38:49,623 - service_launcher - INFO - SIEM: * Debug mode: off
2025-08-26 23:38:49,624 - service_launcher - INFO - EDR: 2025-08-26 23:38:49,214 - simple_edr - INFO - SimpleEDR started successfully
2025-08-26 23:38:49,726 - service_launcher - INFO - SIEM: 2025-08-26 23:38:46,058 - werkzeug - INFO - [31m[1mWARNING: This is a development server. Do not use it in a production deployment. Use a production WSGI server instead.[0m
2025-08-26 23:38:54,215 - service_launcher - INFO - EDR: 2025-08-26 23:38:54,214 - simple_edr - INFO - Detected process event: python.exe (PID: 1199)
2025-08-26 23:38:54,318 - service_launcher - INFO - SIEM: * Running on all addresses (0.0.0.0)
2025-08-26 23:38:57,070 - service_launcher - INFO - EDR: 2025-08-26 23:38:57,069 - simple_edr - INFO - Shutdown signal received
2025-08-26 23:38:57,295 - service_launcher - INFO - SIEM: * Running on http://127.0.0.1:5000
2025-08-26 23:38:57,296 - service_launcher - INFO - EDR: 2025-08-26 23:38:57,070 - simple_edr - INFO - Stopping SimpleEDR...
2025-08-26 23:38:57,398 - service_launcher - INFO - SIEM: * Running on http://192.168.70.126:5000
2025-08-26 23:38:59,215 - service_launcher - INFO - EDR: 2025-08-26 23:38:59,215 - simple_edr - INFO - SimpleEDR stopped successfully
2025-08-26 23:38:59,318 - service_launcher - ERROR - EDR service has stopped
2025-08-26 23:38:59,319 - service_launcher - INFO - Stopping SIEM service...
2025-08-26 23:38:59,336 - service_launcher - INFO - All services have been stopped
