2025-08-25 10:01:14,525 - root - INFO - Logging initialized at level DEBUG [logging_config.py:154]
2025-08-25 10:01:14,526 - root - INFO - Log file: D:\siem\logs\siem.log [logging_config.py:156]
2025-08-25 10:01:14,527 - src.utils.logging_config - INFO - Logging configured with level: DEBUG [logging_config.py:182]
2025-08-25 10:01:14,527 - src.utils.logging_config - INFO - Logging to file: D:\siem\logs\siem.log [logging_config.py:184]
2025-08-25 10:01:14,530 - siem.siem.main - INFO - SIEM Application Starting [main.py:17]
2025-08-25 10:01:14,952 - siem.main - INFO - Starting SIEM application [main.py:1880]
2025-08-25 10:01:14,959 - siem.main - INFO - Starting SIEM application [main.py:1721]
2025-08-25 10:01:15,204 - siem.siem.main - INFO - Initializing SIEM system... [main.py:116]
2025-08-25 10:01:15,322 - siem.siem.main - INFO - Starting background initialization... [main.py:265]
2025-08-25 10:01:15,322 - siem.siem.main - INFO - SIEM system initialization started [main.py:159]
2025-08-25 10:01:15,323 - siem.main - INFO - Starting main event loop [main.py:1784]
2025-08-25 10:01:15,441 - siem.siem.main - INFO - Initializing database... [main.py:744]
2025-08-25 10:01:15,443 - siem.siem.main - INFO - Database path: D:\siem\data\siem.db [main.py:750]
2025-08-25 10:01:15,444 - siem.siem.main - INFO - Database file exists at D:\siem\data\siem.db, size: 73728 bytes [main.py:763]
2025-08-25 10:01:15,444 - siem.siem.main - INFO - Initializing database connection... [main.py:766]
2025-08-25 10:01:15,444 - siem.database - INFO - Initializing database connection to D:\siem\data\siem.db [database.py:40]
2025-08-25 10:01:15,473 - siem.siem.main - INFO - Initializing metrics... [main.py:312]
2025-08-25 10:01:15,512 - siem.db_pool - INFO - Initialized database connection pool with 5 connections [db_pool.py:35]
2025-08-25 10:01:15,514 - siem.database - INFO - Database initialization completed successfully [database.py:61]
2025-08-25 10:01:15,514 - siem.siem.main - INFO - Database connection established successfully [main.py:769]
2025-08-25 10:01:15,514 - siem.siem.main - INFO - Verifying database schema... [main.py:775]
2025-08-25 10:01:15,515 - siem.siem.main - INFO - Found tables in database: test, rules, sqlite_sequence, alerts, audit_log, settings, events, users [main.py:1088]
2025-08-25 10:01:15,516 - siem.siem.main - INFO - Found columns in events table: timestamp, created_at, source, registry_value, file_path, process_id, status, category, parent_process_id, processed, id, destination_ip, source_ip, registry_data, hostname, registry_key, severity, process_name, command_line, updated_at, user_agent, event_type, file_hash, raw_data, description [main.py:1102]
2025-08-25 10:01:15,516 - siem.siem.main - INFO - Database schema verification completed [main.py:1143]
2025-08-25 10:01:15,517 - siem.siem.main - INFO - Found 8 tables: events, sqlite_sequence, rules, test, alerts, settings, users, audit_log [main.py:785]
2025-08-25 10:01:15,517 - siem.siem.main - INFO - Events table columns: id, timestamp, source, event_type, severity, description, raw_data, processed, created_at, updated_at, status, category, source_ip, destination_ip, user_agent, hostname, process_name, process_id, parent_process_id, command_line, file_path, file_hash, registry_key, registry_value, registry_data [main.py:791]
2025-08-25 10:01:15,517 - siem.siem.main - INFO - Database optimizations applied (WAL mode, NORMAL sync, FK constraints) [main.py:818]
2025-08-25 10:01:15,517 - siem.siem.main - INFO - Database initialization completed successfully [main.py:821]
2025-08-25 10:01:15,518 - siem.siem.main - INFO - Initializing event model... [main.py:325]
2025-08-25 10:01:15,519 - siem.event.model - INFO - EventModel initialized [event_model.py:19]
2025-08-25 10:01:15,519 - siem.siem.main - INFO - Initializing data collector... [main.py:336]
2025-08-25 10:01:15,520 - siem.siem.main - INFO - Initializing dashboard service... [main.py:359]
2025-08-25 10:01:33,901 - siem.siem.main - INFO - Dashboard service started successfully [main.py:370]
2025-08-25 10:01:33,901 - siem.siem.main - INFO - Initializing EDR service... [main.py:347]
2025-08-25 10:01:36,982 - siem.edr - INFO - Starting EDR monitoring loop (check_interval=60s) [edr_service.py:168]
2025-08-25 10:01:36,982 - siem.edr - INFO - EDR service started [edr_service.py:151]
2025-08-25 10:01:37,754 - siem.siem.main - INFO - Initializing UI components... [main.py:379]
2025-08-25 10:01:37,803 - siem.siem.main - ERROR - Error initializing UI components: 'SIEMSystem' object has no attribute 'view_container' [main.py:419]
Traceback (most recent call last):
  File "D:\siem\main.py", line 387, in _initialize_ui_components
    self.views['dashboard'] = ttk.Frame(self.view_container)
                                        ^^^^^^^^^^^^^^^^^^^
AttributeError: 'SIEMSystem' object has no attribute 'view_container'
2025-08-25 10:02:42,373 - siem.edr - DEBUG - Processes terminated: 15 [edr_service.py:252]
2025-08-25 10:03:38,675 - siem.edr - DEBUG - Processes terminated: 3 [edr_service.py:252]
2025-08-25 10:04:39,239 - siem.edr - DEBUG - Processes terminated: 2 [edr_service.py:252]
2025-08-25 10:05:39,677 - siem.edr - DEBUG - Processes terminated: 2 [edr_service.py:252]
2025-08-25 10:06:39,898 - siem.edr - DEBUG - Processes terminated: 1 [edr_service.py:252]
2025-08-25 10:07:38,806 - siem.edr - DEBUG - Processes terminated: 2 [edr_service.py:252]
2025-08-25 10:08:38,806 - siem.edr - DEBUG - Processes terminated: 3 [edr_service.py:252]
2025-08-25 10:10:39,550 - siem.edr - DEBUG - Processes terminated: 5 [edr_service.py:252]
2025-08-25 10:11:40,809 - siem.edr - DEBUG - Processes terminated: 1 [edr_service.py:252]
2025-08-25 10:12:40,166 - siem.edr - DEBUG - Processes terminated: 2 [edr_service.py:252]
2025-08-25 10:14:39,296 - siem.edr - DEBUG - Processes terminated: 1 [edr_service.py:252]
2025-08-25 10:15:39,410 - siem.edr - DEBUG - Processes terminated: 3 [edr_service.py:252]
2025-08-25 10:16:39,816 - siem.edr - DEBUG - Processes terminated: 1 [edr_service.py:252]
2025-08-25 10:17:39,603 - siem.edr - DEBUG - Processes terminated: 1 [edr_service.py:252]
2025-08-25 10:19:39,851 - siem.edr - DEBUG - Processes terminated: 1 [edr_service.py:252]
2025-08-25 10:21:40,359 - siem.edr - DEBUG - Processes terminated: 3 [edr_service.py:252]
2025-08-25 13:21:36,104 - siem.core - INFO - SIEM core configuration loaded successfully
2025-08-25 13:23:59,168 - siem.core - INFO - SIEM core configuration loaded successfully
2025-08-25 13:25:56,391 - siem.core - INFO - SIEM core configuration loaded successfully
2025-08-25 13:25:56,398 - siem.core - INFO - Monitoring service is disabled
2025-08-25 13:25:56,399 - siem.core - INFO - Log collector is disabled
2025-08-25 13:25:56,400 - siem.core - INFO - Correlation engine is disabled
2025-08-25 13:25:56,401 - siem.core - INFO - EDR server is disabled
2025-08-25 13:25:56,402 - siem.core - INFO - NDR manager is disabled
2025-08-25 13:25:56,403 - siem.core - INFO - DLP manager is disabled
2025-08-25 13:25:56,404 - siem.core - INFO - FIM manager is disabled
2025-08-25 13:25:56,405 - siem.core - INFO - HIPS manager is disabled
2025-08-25 13:25:56,406 - siem.core - INFO - NIPS manager is disabled
2025-08-25 13:25:56,407 - siem.core - INFO - Compliance manager is disabled
2025-08-25 13:25:56,409 - siem.core - INFO - SIEM initialization complete
2025-08-25 13:25:56,410 - siem.launcher - INFO - SIEM component initialized successfully
2025-08-25 13:25:56,595 - siem_launcher - INFO - SIEM initialized successfully. Starting...
2025-08-25 13:25:56,597 - siem.core - INFO - Starting SIEM...
2025-08-25 13:25:56,600 - siem.monitoring - INFO - Initialized metrics with 0 exporters
2025-08-25 13:25:56,616 - siem.core - CRITICAL - Unhandled exception in SIEM main loop: CommonAlertRules.high_cpu_usage() got an unexpected keyword argument 'warning_threshold'
Traceback (most recent call last):
  File "D:\security.operations.center\src\siem\core\siem.py", line 345, in start
    self._init_monitoring()
    ~~~~~~~~~~~~~~~~~~~~~^^
  File "D:\security.operations.center\src\siem\core\siem.py", line 193, in _init_monitoring
    self.monitoring_service = create_monitoring_service(monitoring_config)
                              ~~~~~~~~~~~~~~~~~~~~~~~~~^^^^^^^^^^^^^^^^^^^
  File "D:\security.operations.center\src\siem\services\monitoring_service.py", line 280, in create_monitoring_service
    return MonitoringService(config)
  File "D:\security.operations.center\src\siem\services\monitoring_service.py", line 39, in __init__
    self._init_alerts()
    ~~~~~~~~~~~~~~~~~^^
  File "D:\security.operations.center\src\siem\services\monitoring_service.py", line 77, in _init_alerts
    self._add_system_alert_rules()
    ~~~~~~~~~~~~~~~~~~~~~~~~~~~~^^
  File "D:\security.operations.center\src\siem\services\monitoring_service.py", line 144, in _add_system_alert_rules
    alert_manager.add_rule(CommonAlertRules.high_cpu_usage(
                           ~~~~~~~~~~~~~~~~~~~~~~~~~~~~~~~^
        warning_threshold=80.0,
        ^^^^^^^^^^^^^^^^^^^^^^^
        critical_threshold=90.0
        ^^^^^^^^^^^^^^^^^^^^^^^
    ))
    ^
TypeError: CommonAlertRules.high_cpu_usage() got an unexpected keyword argument 'warning_threshold'
2025-08-25 13:25:56,670 - siem.core - INFO - Shutting down SIEM system...
2025-08-25 13:25:56,671 - siem.launcher - ERROR - Failed to start SIEM component: 'SIEM' object has no attribute 'components'
Traceback (most recent call last):
  File "D:\security.operations.center\src\siem\launcher.py", line 121, in start
    self.siem.start()
    ~~~~~~~~~~~~~~~^^
  File "D:\security.operations.center\src\siem\core\siem.py", line 366, in start
    self.stop()
    ~~~~~~~~~^^
  File "D:\security.operations.center\src\siem\core\siem.py", line 374, in stop
    for name, component in reversed(list(self.components.items())):
                                         ^^^^^^^^^^^^^^^
AttributeError: 'SIEM' object has no attribute 'components'
2025-08-25 13:25:56,686 - siem_launcher - ERROR - Error launching SIEM: 'SIEM' object has no attribute 'components'
Traceback (most recent call last):
  File "D:\security.operations.center\launch_siem.py", line 66, in main
    launcher.start()
    ~~~~~~~~~~~~~~^^
  File "D:\security.operations.center\src\siem\launcher.py", line 121, in start
    self.siem.start()
    ~~~~~~~~~~~~~~~^^
  File "D:\security.operations.center\src\siem\core\siem.py", line 366, in start
    self.stop()
    ~~~~~~~~~^^
  File "D:\security.operations.center\src\siem\core\siem.py", line 374, in stop
    for name, component in reversed(list(self.components.items())):
                                         ^^^^^^^^^^^^^^^
AttributeError: 'SIEM' object has no attribute 'components'
2025-08-25 13:29:36,111 - siem.core - INFO - SIEM core configuration loaded successfully
2025-08-25 13:29:36,112 - siem.core - INFO - Monitoring service is disabled
2025-08-25 13:29:36,115 - siem.core - INFO - Log collector is disabled
2025-08-25 13:29:36,116 - siem.core - INFO - Correlation engine is disabled
2025-08-25 13:29:36,117 - siem.core - INFO - EDR server is disabled
2025-08-25 13:29:36,118 - siem.core - INFO - NDR manager is disabled
2025-08-25 13:29:36,118 - siem.core - INFO - DLP manager is disabled
2025-08-25 13:29:36,119 - siem.core - INFO - FIM manager is disabled
2025-08-25 13:29:36,120 - siem.core - INFO - HIPS manager is disabled
2025-08-25 13:29:36,120 - siem.core - INFO - NIPS manager is disabled
2025-08-25 13:29:36,121 - siem.core - INFO - Compliance manager is disabled
2025-08-25 13:29:36,122 - siem.core - INFO - SIEM initialization complete
2025-08-25 13:29:36,134 - siem.launcher - INFO - SIEM component initialized successfully
2025-08-25 13:29:36,554 - siem_launcher - INFO - SIEM initialized successfully. Starting...
2025-08-25 13:29:36,555 - siem.core - INFO - Starting SIEM...
2025-08-25 13:29:36,559 - siem.monitoring - INFO - Initialized metrics with 0 exporters
2025-08-25 13:29:36,562 - siem.core - CRITICAL - Unhandled exception in SIEM main loop: CommonAlertRules.high_cpu_usage() got an unexpected keyword argument 'warning_threshold'
Traceback (most recent call last):
  File "D:\security.operations.center\src\siem\core\siem.py", line 356, in start
    self._init_monitoring()
    ~~~~~~~~~~~~~~~~~~~~~^^
  File "D:\security.operations.center\src\siem\core\siem.py", line 204, in _init_monitoring
    self.monitoring_service = create_monitoring_service(monitoring_config)
                              ~~~~~~~~~~~~~~~~~~~~~~~~~^^^^^^^^^^^^^^^^^^^
  File "D:\security.operations.center\src\siem\services\monitoring_service.py", line 280, in create_monitoring_service
    return MonitoringService(config)
  File "D:\security.operations.center\src\siem\services\monitoring_service.py", line 39, in __init__
    self._init_alerts()
    ~~~~~~~~~~~~~~~~~^^
  File "D:\security.operations.center\src\siem\services\monitoring_service.py", line 77, in _init_alerts
    self._add_system_alert_rules()
    ~~~~~~~~~~~~~~~~~~~~~~~~~~~~^^
  File "D:\security.operations.center\src\siem\services\monitoring_service.py", line 144, in _add_system_alert_rules
    alert_manager.add_rule(CommonAlertRules.high_cpu_usage(
                           ~~~~~~~~~~~~~~~~~~~~~~~~~~~~~~~^
        warning_threshold=80.0,
        ^^^^^^^^^^^^^^^^^^^^^^^
        critical_threshold=90.0
        ^^^^^^^^^^^^^^^^^^^^^^^
    ))
    ^
TypeError: CommonAlertRules.high_cpu_usage() got an unexpected keyword argument 'warning_threshold'
2025-08-25 13:29:36,583 - siem.core - INFO - Shutting down SIEM system...
2025-08-25 13:29:36,586 - siem.launcher - ERROR - Failed to start SIEM component: 'SIEM' object has no attribute 'components'
Traceback (most recent call last):
  File "D:\security.operations.center\src\siem\launcher.py", line 121, in start
    self.siem.start()
    ~~~~~~~~~~~~~~~^^
  File "D:\security.operations.center\src\siem\core\siem.py", line 377, in start
    self.stop()
    ~~~~~~~~~^^
  File "D:\security.operations.center\src\siem\core\siem.py", line 385, in stop
    for name, component in reversed(list(self.components.items())):
                                         ^^^^^^^^^^^^^^^
AttributeError: 'SIEM' object has no attribute 'components'
2025-08-25 13:29:36,596 - siem_launcher - ERROR - Error launching SIEM: 'SIEM' object has no attribute 'components'
Traceback (most recent call last):
  File "D:\security.operations.center\launch_siem.py", line 66, in main
    launcher.start()
    ~~~~~~~~~~~~~~^^
  File "D:\security.operations.center\src\siem\launcher.py", line 121, in start
    self.siem.start()
    ~~~~~~~~~~~~~~~^^
  File "D:\security.operations.center\src\siem\core\siem.py", line 377, in start
    self.stop()
    ~~~~~~~~~^^
  File "D:\security.operations.center\src\siem\core\siem.py", line 385, in stop
    for name, component in reversed(list(self.components.items())):
                                         ^^^^^^^^^^^^^^^
AttributeError: 'SIEM' object has no attribute 'components'
2025-08-26 21:46:10,770 - siem.core - INFO - SIEM core configuration loaded successfully
2025-08-26 21:46:10,771 - siem.core - INFO - Monitoring service is disabled
2025-08-26 21:46:10,774 - siem.core - INFO - Log collector is disabled
2025-08-26 21:46:10,777 - siem.core - INFO - Correlation engine is disabled
2025-08-26 21:46:10,777 - siem.core - INFO - EDR server is disabled
2025-08-26 21:46:10,778 - siem.core - INFO - NDR manager is disabled
2025-08-26 21:46:10,779 - siem.core - INFO - DLP manager is disabled
2025-08-26 21:46:10,779 - siem.core - INFO - FIM manager is disabled
2025-08-26 21:46:10,783 - siem.core - INFO - HIPS manager is disabled
2025-08-26 21:46:10,785 - siem.core - INFO - NIPS manager is disabled
2025-08-26 21:46:10,786 - siem.core - INFO - Compliance manager is disabled
2025-08-26 21:46:10,786 - siem.core - INFO - SIEM initialization complete
2025-08-26 21:46:10,787 - siem.launcher - INFO - SIEM component initialized successfully
2025-08-26 21:46:10,811 - siem_launcher - INFO - SIEM initialized successfully. Starting...
2025-08-26 21:46:10,812 - siem.core - INFO - Starting SIEM...
2025-08-26 21:46:10,812 - siem.monitoring - INFO - Initialized metrics with 0 exporters
2025-08-26 21:46:10,819 - siem.core - CRITICAL - Unhandled exception in SIEM main loop: CommonAlertRules.high_cpu_usage() got an unexpected keyword argument 'warning_threshold'
Traceback (most recent call last):
  File "D:\security.operations.center\src\siem\core\siem.py", line 356, in start
    self._init_monitoring()
    ~~~~~~~~~~~~~~~~~~~~~^^
  File "D:\security.operations.center\src\siem\core\siem.py", line 204, in _init_monitoring
    self.monitoring_service = create_monitoring_service(monitoring_config)
                              ~~~~~~~~~~~~~~~~~~~~~~~~~^^^^^^^^^^^^^^^^^^^
  File "D:\security.operations.center\src\siem\services\monitoring_service.py", line 280, in create_monitoring_service
    return MonitoringService(config)
  File "D:\security.operations.center\src\siem\services\monitoring_service.py", line 39, in __init__
    self._init_alerts()
    ~~~~~~~~~~~~~~~~~^^
  File "D:\security.operations.center\src\siem\services\monitoring_service.py", line 77, in _init_alerts
    self._add_system_alert_rules()
    ~~~~~~~~~~~~~~~~~~~~~~~~~~~~^^
  File "D:\security.operations.center\src\siem\services\monitoring_service.py", line 144, in _add_system_alert_rules
    alert_manager.add_rule(CommonAlertRules.high_cpu_usage(
                           ~~~~~~~~~~~~~~~~~~~~~~~~~~~~~~~^
        warning_threshold=80.0,
        ^^^^^^^^^^^^^^^^^^^^^^^
        critical_threshold=90.0
        ^^^^^^^^^^^^^^^^^^^^^^^
    ))
    ^
TypeError: CommonAlertRules.high_cpu_usage() got an unexpected keyword argument 'warning_threshold'
2025-08-26 21:46:10,832 - siem.core - INFO - Shutting down SIEM system...
2025-08-26 21:46:10,833 - siem.launcher - ERROR - Failed to start SIEM component: 'SIEM' object has no attribute 'components'
Traceback (most recent call last):
  File "D:\security.operations.center\src\siem\launcher.py", line 121, in start
    self.siem.start()
    ~~~~~~~~~~~~~~~^^
  File "D:\security.operations.center\src\siem\core\siem.py", line 377, in start
    self.stop()
    ~~~~~~~~~^^
  File "D:\security.operations.center\src\siem\core\siem.py", line 385, in stop
    for name, component in reversed(list(self.components.items())):
                                         ^^^^^^^^^^^^^^^
AttributeError: 'SIEM' object has no attribute 'components'
2025-08-26 21:46:10,846 - siem_launcher - ERROR - Error launching SIEM: 'SIEM' object has no attribute 'components'
Traceback (most recent call last):
  File "D:\security.operations.center\launch_siem.py", line 66, in main
    launcher.start()
    ~~~~~~~~~~~~~~^^
  File "D:\security.operations.center\src\siem\launcher.py", line 121, in start
    self.siem.start()
    ~~~~~~~~~~~~~~~^^
  File "D:\security.operations.center\src\siem\core\siem.py", line 377, in start
    self.stop()
    ~~~~~~~~~^^
  File "D:\security.operations.center\src\siem\core\siem.py", line 385, in stop
    for name, component in reversed(list(self.components.items())):
                                         ^^^^^^^^^^^^^^^
AttributeError: 'SIEM' object has no attribute 'components'
2025-08-26 21:48:51,224 - siem.core - INFO - SIEM core configuration loaded successfully
2025-08-26 21:48:51,225 - siem.core - INFO - Monitoring service is disabled
2025-08-26 21:48:51,226 - siem.core - INFO - Log collector is disabled
2025-08-26 21:48:51,226 - siem.core - INFO - Correlation engine is disabled
2025-08-26 21:48:51,227 - siem.core - INFO - EDR server is disabled
2025-08-26 21:48:51,228 - siem.core - INFO - NDR manager is disabled
2025-08-26 21:48:51,229 - siem.core - INFO - DLP manager is disabled
2025-08-26 21:48:51,233 - siem.core - INFO - FIM manager is disabled
2025-08-26 21:48:51,234 - siem.core - INFO - HIPS manager is disabled
2025-08-26 21:48:51,235 - siem.core - INFO - NIPS manager is disabled
2025-08-26 21:48:51,236 - siem.core - INFO - Compliance manager is disabled
2025-08-26 21:48:51,236 - siem.core - INFO - SIEM initialization complete
2025-08-26 21:48:51,237 - siem.launcher - INFO - SIEM component initialized successfully
2025-08-26 21:48:51,339 - siem_launcher - INFO - SIEM initialized successfully. Starting...
2025-08-26 21:48:51,342 - siem.core - INFO - Starting SIEM...
2025-08-26 21:48:51,345 - siem.monitoring - INFO - Initialized metrics with 0 exporters
2025-08-26 21:48:51,353 - siem.core - CRITICAL - Unhandled exception in SIEM main loop: CommonAlertRules.high_cpu_usage() got an unexpected keyword argument 'warning_threshold'
Traceback (most recent call last):
  File "D:\security.operations.center\src\siem\core\siem.py", line 356, in start
    self._init_monitoring()
    ~~~~~~~~~~~~~~~~~~~~~^^
  File "D:\security.operations.center\src\siem\core\siem.py", line 204, in _init_monitoring
    self.monitoring_service = create_monitoring_service(monitoring_config)
                              ~~~~~~~~~~~~~~~~~~~~~~~~~^^^^^^^^^^^^^^^^^^^
  File "D:\security.operations.center\src\siem\services\monitoring_service.py", line 280, in create_monitoring_service
    return MonitoringService(config)
  File "D:\security.operations.center\src\siem\services\monitoring_service.py", line 39, in __init__
    self._init_alerts()
    ~~~~~~~~~~~~~~~~~^^
  File "D:\security.operations.center\src\siem\services\monitoring_service.py", line 77, in _init_alerts
    self._add_system_alert_rules()
    ~~~~~~~~~~~~~~~~~~~~~~~~~~~~^^
  File "D:\security.operations.center\src\siem\services\monitoring_service.py", line 144, in _add_system_alert_rules
    alert_manager.add_rule(CommonAlertRules.high_cpu_usage(
                           ~~~~~~~~~~~~~~~~~~~~~~~~~~~~~~~^
        warning_threshold=80.0,
        ^^^^^^^^^^^^^^^^^^^^^^^
        critical_threshold=90.0
        ^^^^^^^^^^^^^^^^^^^^^^^
    ))
    ^
TypeError: CommonAlertRules.high_cpu_usage() got an unexpected keyword argument 'warning_threshold'
2025-08-26 21:48:51,377 - siem.core - INFO - Shutting down SIEM system...
2025-08-26 21:48:51,378 - siem.launcher - ERROR - Failed to start SIEM component: 'SIEM' object has no attribute 'components'
Traceback (most recent call last):
  File "D:\security.operations.center\src\siem\launcher.py", line 121, in start
    self.siem.start()
    ~~~~~~~~~~~~~~~^^
  File "D:\security.operations.center\src\siem\core\siem.py", line 377, in start
    self.stop()
    ~~~~~~~~~^^
  File "D:\security.operations.center\src\siem\core\siem.py", line 385, in stop
    for name, component in reversed(list(self.components.items())):
                                         ^^^^^^^^^^^^^^^
AttributeError: 'SIEM' object has no attribute 'components'
2025-08-26 21:48:51,400 - siem_launcher - ERROR - Error launching SIEM: 'SIEM' object has no attribute 'components'
Traceback (most recent call last):
  File "D:\security.operations.center\launch_siem.py", line 66, in main
    launcher.start()
    ~~~~~~~~~~~~~~^^
  File "D:\security.operations.center\src\siem\launcher.py", line 121, in start
    self.siem.start()
    ~~~~~~~~~~~~~~~^^
  File "D:\security.operations.center\src\siem\core\siem.py", line 377, in start
    self.stop()
    ~~~~~~~~~^^
  File "D:\security.operations.center\src\siem\core\siem.py", line 385, in stop
    for name, component in reversed(list(self.components.items())):
                                         ^^^^^^^^^^^^^^^
AttributeError: 'SIEM' object has no attribute 'components'
2025-08-26 21:49:08,171 - siem.core - INFO - SIEM core configuration loaded successfully
2025-08-26 21:49:08,172 - siem.core - INFO - Monitoring service is disabled
2025-08-26 21:49:08,174 - siem.core - INFO - Log collector is disabled
2025-08-26 21:49:08,176 - siem.core - INFO - Correlation engine is disabled
2025-08-26 21:49:08,177 - siem.core - INFO - EDR server is disabled
2025-08-26 21:49:08,179 - siem.core - INFO - NDR manager is disabled
2025-08-26 21:49:08,182 - siem.core - INFO - DLP manager is disabled
2025-08-26 21:49:08,184 - siem.core - INFO - FIM manager is disabled
2025-08-26 21:49:08,185 - siem.core - INFO - HIPS manager is disabled
2025-08-26 21:49:08,186 - siem.core - INFO - NIPS manager is disabled
2025-08-26 21:49:08,187 - siem.core - INFO - Compliance manager is disabled
2025-08-26 21:49:08,188 - siem.core - INFO - SIEM initialization complete
2025-08-26 21:49:08,189 - siem.launcher - INFO - SIEM component initialized successfully
2025-08-26 21:49:08,212 - siem_launcher - INFO - SIEM initialized successfully. Starting...
2025-08-26 21:49:08,213 - siem.core - INFO - Starting SIEM...
2025-08-26 21:49:08,214 - siem.monitoring - INFO - Initialized metrics with 0 exporters
2025-08-26 21:49:08,217 - siem.core - CRITICAL - Unhandled exception in SIEM main loop: CommonAlertRules.high_cpu_usage() got an unexpected keyword argument 'warning_threshold'
Traceback (most recent call last):
  File "D:\security.operations.center\src\siem\core\siem.py", line 356, in start
    self._init_monitoring()
    ~~~~~~~~~~~~~~~~~~~~~^^
  File "D:\security.operations.center\src\siem\core\siem.py", line 204, in _init_monitoring
    self.monitoring_service = create_monitoring_service(monitoring_config)
                              ~~~~~~~~~~~~~~~~~~~~~~~~~^^^^^^^^^^^^^^^^^^^
  File "D:\security.operations.center\src\siem\services\monitoring_service.py", line 280, in create_monitoring_service
    return MonitoringService(config)
  File "D:\security.operations.center\src\siem\services\monitoring_service.py", line 39, in __init__
    self._init_alerts()
    ~~~~~~~~~~~~~~~~~^^
  File "D:\security.operations.center\src\siem\services\monitoring_service.py", line 77, in _init_alerts
    self._add_system_alert_rules()
    ~~~~~~~~~~~~~~~~~~~~~~~~~~~~^^
  File "D:\security.operations.center\src\siem\services\monitoring_service.py", line 144, in _add_system_alert_rules
    alert_manager.add_rule(CommonAlertRules.high_cpu_usage(
                           ~~~~~~~~~~~~~~~~~~~~~~~~~~~~~~~^
        warning_threshold=80.0,
        ^^^^^^^^^^^^^^^^^^^^^^^
        critical_threshold=90.0
        ^^^^^^^^^^^^^^^^^^^^^^^
    ))
    ^
TypeError: CommonAlertRules.high_cpu_usage() got an unexpected keyword argument 'warning_threshold'
2025-08-26 21:49:08,230 - siem.core - INFO - Shutting down SIEM system...
2025-08-26 21:49:08,234 - siem.launcher - ERROR - Failed to start SIEM component: 'SIEM' object has no attribute 'components'
Traceback (most recent call last):
  File "D:\security.operations.center\src\siem\launcher.py", line 121, in start
    self.siem.start()
    ~~~~~~~~~~~~~~~^^
  File "D:\security.operations.center\src\siem\core\siem.py", line 377, in start
    self.stop()
    ~~~~~~~~~^^
  File "D:\security.operations.center\src\siem\core\siem.py", line 385, in stop
    for name, component in reversed(list(self.components.items())):
                                         ^^^^^^^^^^^^^^^
AttributeError: 'SIEM' object has no attribute 'components'
2025-08-26 21:49:08,241 - siem_launcher - ERROR - Error launching SIEM: 'SIEM' object has no attribute 'components'
Traceback (most recent call last):
  File "D:\security.operations.center\launch_siem.py", line 66, in main
    launcher.start()
    ~~~~~~~~~~~~~~^^
  File "D:\security.operations.center\src\siem\launcher.py", line 121, in start
    self.siem.start()
    ~~~~~~~~~~~~~~~^^
  File "D:\security.operations.center\src\siem\core\siem.py", line 377, in start
    self.stop()
    ~~~~~~~~~^^
  File "D:\security.operations.center\src\siem\core\siem.py", line 385, in stop
    for name, component in reversed(list(self.components.items())):
                                         ^^^^^^^^^^^^^^^
AttributeError: 'SIEM' object has no attribute 'components'
