2025-08-26 23:35:06,881 - simple_siem - INFO - SimpleSIEM initialized
2025-08-26 23:35:06,882 - simple_siem - INFO - Initializing SimpleSIEM...
2025-08-26 23:35:06,882 - simple_siem - INFO - SimpleSIEM initialized successfully
2025-08-26 23:35:06,882 - simple_siem - INFO - Starting SimpleSIEM...
2025-08-26 23:35:06,884 - simple_siem - INFO - SIEM service is running...
2025-08-26 23:35:06,884 - simple_siem - INFO - SimpleSIEM started successfully
2025-08-26 23:35:53,642 - simple_siem - INFO - SimpleSIEM initialized
2025-08-26 23:35:53,642 - simple_siem - INFO - Initializing SimpleSIEM...
2025-08-26 23:35:53,642 - simple_siem - INFO - SimpleSIEM initialized successfully
2025-08-26 23:35:53,643 - simple_siem - INFO - Starting SimpleSIEM...
2025-08-26 23:35:53,646 - simple_siem - INFO - SIEM service is running...
2025-08-26 23:35:53,646 - simple_siem - INFO - SimpleSIEM started successfully
2025-08-26 23:36:03,648 - simple_siem - INFO - SIEM service is running...
2025-08-26 23:36:13,649 - simple_siem - INFO - SIEM service is running...
2025-08-26 23:36:23,650 - simple_siem - INFO - SIEM service is running...
2025-08-26 23:36:33,652 - simple_siem - INFO - SIEM service is running...
2025-08-26 23:36:43,653 - simple_siem - INFO - SIEM service is running...
2025-08-26 23:36:53,654 - simple_siem - INFO - SIEM service is running...
2025-08-26 23:37:03,655 - simple_siem - INFO - SIEM service is running...
2025-08-26 23:37:13,663 - simple_siem - INFO - SIEM service is running...
2025-08-26 23:37:23,665 - simple_siem - INFO - SIEM service is running...
2025-08-26 23:37:33,666 - simple_siem - INFO - SIEM service is running...
2025-08-26 23:37:43,667 - simple_siem - INFO - SIEM service is running...
2025-08-26 23:37:46,922 - simple_siem - INFO - Shutdown signal received
2025-08-26 23:37:46,922 - simple_siem - INFO - Stopping SimpleSIEM...
